<?xml version="1.0" encoding="UTF-8"?>
<testng-results skipped="0" failed="0" ignored="0" total="0" passed="0">
  <reporter-output>
  </reporter-output>
  <suite name="Sample" duration-ms="1685" started-at="2021-02-11T05:01:01 PST" finished-at="2021-02-11T05:01:03 PST">
    <groups>
    </groups>
    <test name="SampleTest" duration-ms="1685" started-at="2021-02-11T05:01:01 PST" finished-at="2021-02-11T05:01:03 PST">
    </test> <!-- SampleTest -->
  </suite> <!-- Sample -->
  <suite name="CompanySetup" duration-ms="0" started-at="2021-02-11T05:01:21 PST" finished-at="2021-02-11T05:01:21 PST">
    <groups>
    </groups>
  </suite> <!-- CompanySetup -->
</testng-results>
